<?xml version="1.0" encoding="UTF-8"?>
<coverage generated="1752323248439" clover="3.2.0">
  <project timestamp="1752323248439" name="All files">
    <metrics statements="69" coveredstatements="65" conditionals="51" coveredconditionals="46" methods="15" coveredmethods="15" elements="135" coveredelements="126" complexity="0" loc="69" ncloc="69" packages="2" files="6" classes="6"/>
    <package name="frontend-project-46">
      <metrics statements="31" coveredstatements="30" conditionals="19" coveredconditionals="18" methods="5" coveredmethods="5"/>
      <file name="buildDiff.js" path="/root/frontend-project-46/buildDiff.js">
        <metrics statements="13" coveredstatements="13" conditionals="12" coveredconditionals="12" methods="2" coveredmethods="2"/>
        <line num="1" count="2" type="stmt"/>
        <line num="2" count="10" type="stmt"/>
        <line num="3" count="10" type="stmt"/>
        <line num="4" count="36" type="cond" truecount="2" falsecount="0"/>
        <line num="5" count="4" type="stmt"/>
        <line num="7" count="32" type="cond" truecount="2" falsecount="0"/>
        <line num="8" count="10" type="stmt"/>
        <line num="10" count="22" type="cond" truecount="6" falsecount="0"/>
        <line num="11" count="8" type="stmt"/>
        <line num="13" count="14" type="cond" truecount="2" falsecount="0"/>
        <line num="14" count="8" type="stmt"/>
        <line num="16" count="6" type="stmt"/>
        <line num="19" count="10" type="stmt"/>
      </file>
      <file name="gendiff.js" path="/root/frontend-project-46/gendiff.js">
        <metrics statements="5" coveredstatements="5" conditionals="1" coveredconditionals="1" methods="1" coveredmethods="1"/>
        <line num="5" count="2" type="cond" truecount="1" falsecount="0"/>
        <line num="6" count="2" type="stmt"/>
        <line num="7" count="2" type="stmt"/>
        <line num="9" count="2" type="stmt"/>
        <line num="10" count="2" type="stmt"/>
      </file>
      <file name="parser.js" path="/root/frontend-project-46/parser.js">
        <metrics statements="13" coveredstatements="12" conditionals="6" coveredconditionals="5" methods="2" coveredmethods="2"/>
        <line num="5" count="2" type="stmt"/>
        <line num="6" count="4" type="stmt"/>
        <line num="7" count="4" type="stmt"/>
        <line num="8" count="4" type="stmt"/>
        <line num="10" count="4" type="cond" truecount="2" falsecount="0"/>
        <line num="11" count="2" type="stmt"/>
        <line num="14" count="2" type="cond" truecount="3" falsecount="1"/>
        <line num="15" count="2" type="stmt"/>
        <line num="18" count="0" type="stmt"/>
        <line num="21" count="2" type="stmt"/>
        <line num="22" count="2" type="stmt"/>
        <line num="23" count="2" type="stmt"/>
        <line num="24" count="2" type="stmt"/>
      </file>
    </package>
    <package name="frontend-project-46.formatters">
      <metrics statements="38" coveredstatements="35" conditionals="32" coveredconditionals="28" methods="10" coveredmethods="10"/>
      <file name="index.js" path="/root/frontend-project-46/formatters/index.js">
        <metrics statements="4" coveredstatements="3" conditionals="3" coveredconditionals="2" methods="1" coveredmethods="1"/>
        <line num="5" count="2" type="cond" truecount="2" falsecount="1"/>
        <line num="7" count="1" type="stmt"/>
        <line num="9" count="1" type="stmt"/>
        <line num="11" count="0" type="stmt"/>
      </file>
      <file name="plain.js" path="/root/frontend-project-46/formatters/plain.js">
        <metrics statements="14" coveredstatements="13" conditionals="14" coveredconditionals="12" methods="3" coveredmethods="3"/>
        <line num="1" count="2" type="stmt"/>
        <line num="2" count="5" type="cond" truecount="1" falsecount="1"/>
        <line num="3" count="5" type="cond" truecount="2" falsecount="0"/>
        <line num="4" count="3" type="cond" truecount="2" falsecount="0"/>
        <line num="5" count="1" type="stmt"/>
        <line num="8" count="2" type="cond" truecount="1" falsecount="0"/>
        <line num="9" count="5" type="stmt"/>
        <line num="11" count="18" type="cond" truecount="2" falsecount="0"/>
        <line num="13" count="18" type="cond" truecount="4" falsecount="1"/>
        <line num="15" count="5" type="stmt"/>
        <line num="17" count="2" type="stmt"/>
        <line num="19" count="0" type="stmt"/>
        <line num="21" count="4" type="stmt"/>
        <line num="23" count="7" type="stmt"/>
      </file>
      <file name="stylish.js" path="/root/frontend-project-46/formatters/stylish.js">
        <metrics statements="20" coveredstatements="19" conditionals="15" coveredconditionals="14" methods="6" coveredmethods="6"/>
        <line num="1" count="31" type="cond" truecount="2" falsecount="0"/>
        <line num="2" count="12" type="cond" truecount="2" falsecount="0"/>
        <line num="4" count="2" type="stmt"/>
        <line num="5" count="27" type="cond" truecount="4" falsecount="0"/>
        <line num="6" count="20" type="stmt"/>
        <line num="9" count="7" type="stmt"/>
        <line num="10" count="7" type="stmt"/>
        <line num="11" count="9" type="stmt"/>
        <line num="14" count="7" type="stmt"/>
        <line num="17" count="2" type="cond" truecount="1" falsecount="0"/>
        <line num="18" count="5" type="stmt"/>
        <line num="21" count="18" type="stmt"/>
        <line num="23" count="18" type="cond" truecount="5" falsecount="1"/>
        <line num="25" count="5" type="stmt"/>
        <line num="27" count="2" type="stmt"/>
        <line num="29" count="3" type="stmt"/>
        <line num="31" count="4" type="stmt"/>
        <line num="36" count="4" type="stmt"/>
        <line num="38" count="0" type="stmt"/>
        <line num="42" count="5" type="stmt"/>
      </file>
    </package>
  </project>
</coverage>
