{"/root/frontend-project-46/buildDiff.js": {"path":"/root/frontend-project-46/buildDiff.js","statementMap":{"0":{"start":{"line":1,"column":17},"end":{"line":1,"column":96}},"1":{"start":{"line":1,"column":28},"end":{"line":1,"column":96}},"2":{"start":{"line":3,"column":18},"end":{"line":46,"column":1}},"3":{"start":{"line":4,"column":15},"end":{"line":6,"column":10}},"4":{"start":{"line":8,"column":15},"end":{"line":43,"column":4}},"5":{"start":{"line":9,"column":17},"end":{"line":9,"column":26}},"6":{"start":{"line":10,"column":17},"end":{"line":10,"column":26}},"7":{"start":{"line":12,"column":4},"end":{"line":14,"column":5}},"8":{"start":{"line":13,"column":6},"end":{"line":13,"column":51}},"9":{"start":{"line":16,"column":4},"end":{"line":18,"column":5}},"10":{"start":{"line":17,"column":6},"end":{"line":17,"column":49}},"11":{"start":{"line":20,"column":4},"end":{"line":27,"column":5}},"12":{"start":{"line":21,"column":23},"end":{"line":21,"column":44}},"13":{"start":{"line":22,"column":6},"end":{"line":26,"column":8}},"14":{"start":{"line":25,"column":42},"end":{"line":25,"column":68}},"15":{"start":{"line":29,"column":4},"end":{"line":36,"column":5}},"16":{"start":{"line":30,"column":6},"end":{"line":35,"column":8}},"17":{"start":{"line":38,"column":4},"end":{"line":42,"column":6}},"18":{"start":{"line":45,"column":2},"end":{"line":45,"column":57}},"19":{"start":{"line":45,"column":29},"end":{"line":45,"column":55}}},"fnMap":{"0":{"name":"(anonymous_0)","decl":{"start":{"line":1,"column":17},"end":{"line":1,"column":18}},"loc":{"start":{"line":1,"column":28},"end":{"line":1,"column":96}},"line":1},"1":{"name":"(anonymous_1)","decl":{"start":{"line":3,"column":18},"end":{"line":3,"column":19}},"loc":{"start":{"line":3,"column":34},"end":{"line":46,"column":1}},"line":3},"2":{"name":"(anonymous_2)","decl":{"start":{"line":8,"column":24},"end":{"line":8,"column":25}},"loc":{"start":{"line":8,"column":33},"end":{"line":43,"column":3}},"line":8},"3":{"name":"(anonymous_3)","decl":{"start":{"line":25,"column":32},"end":{"line":25,"column":33}},"loc":{"start":{"line":25,"column":42},"end":{"line":25,"column":68}},"line":25},"4":{"name":"(anonymous_4)","decl":{"start":{"line":45,"column":19},"end":{"line":45,"column":20}},"loc":{"start":{"line":45,"column":29},"end":{"line":45,"column":55}},"line":45}},"branchMap":{"0":{"loc":{"start":{"line":1,"column":28},"end":{"line":1,"column":96}},"type":"binary-expr","locations":[{"start":{"line":1,"column":28},"end":{"line":1,"column":53}},{"start":{"line":1,"column":57},"end":{"line":1,"column":71}},{"start":{"line":1,"column":75},"end":{"line":1,"column":96}}],"line":1},"1":{"loc":{"start":{"line":12,"column":4},"end":{"line":14,"column":5}},"type":"if","locations":[{"start":{"line":12,"column":4},"end":{"line":14,"column":5}},{"start":{},"end":{}}],"line":12},"2":{"loc":{"start":{"line":16,"column":4},"end":{"line":18,"column":5}},"type":"if","locations":[{"start":{"line":16,"column":4},"end":{"line":18,"column":5}},{"start":{},"end":{}}],"line":16},"3":{"loc":{"start":{"line":20,"column":4},"end":{"line":27,"column":5}},"type":"if","locations":[{"start":{"line":20,"column":4},"end":{"line":27,"column":5}},{"start":{},"end":{}}],"line":20},"4":{"loc":{"start":{"line":20,"column":8},"end":{"line":20,"column":40}},"type":"binary-expr","locations":[{"start":{"line":20,"column":8},"end":{"line":20,"column":22}},{"start":{"line":20,"column":26},"end":{"line":20,"column":40}}],"line":20},"5":{"loc":{"start":{"line":29,"column":4},"end":{"line":36,"column":5}},"type":"if","locations":[{"start":{"line":29,"column":4},"end":{"line":36,"column":5}},{"start":{},"end":{}}],"line":29}},"s":{"0":3,"1":48,"2":3,"3":15,"4":15,"5":54,"6":54,"7":54,"8":6,"9":48,"10":15,"11":33,"12":12,"13":12,"14":30,"15":21,"16":12,"17":9,"18":15,"19":39},"f":{"0":48,"1":15,"2":54,"3":30,"4":39},"b":{"0":[48,27,27],"1":[6,48],"2":[15,33],"3":[12,21],"4":[33,15],"5":[12,9]},"inputSourceMap":null,"_coverageSchema":"1a1c01bbd47fc00a2c39e90264f33305004495a9","hash":"d60c26a1bacf324eceb51f8adcb1b2d6e517424a"}
,"/root/frontend-project-46/gendiff.js": {"path":"/root/frontend-project-46/gendiff.js","statementMap":{"0":{"start":{"line":5,"column":16},"end":{"line":11,"column":1}},"1":{"start":{"line":6,"column":27},"end":{"line":6,"column":58}},"2":{"start":{"line":7,"column":19},"end":{"line":7,"column":42}},"3":{"start":{"line":9,"column":21},"end":{"line":9,"column":41}},"4":{"start":{"line":10,"column":2},"end":{"line":10,"column":30}}},"fnMap":{"0":{"name":"(anonymous_0)","decl":{"start":{"line":5,"column":16},"end":{"line":5,"column":17}},"loc":{"start":{"line":5,"column":62},"end":{"line":11,"column":1}},"line":5}},"branchMap":{"0":{"loc":{"start":{"line":5,"column":39},"end":{"line":5,"column":57}},"type":"default-arg","locations":[{"start":{"line":5,"column":48},"end":{"line":5,"column":57}}],"line":5}},"s":{"0":3,"1":3,"2":3,"3":3,"4":3},"f":{"0":3},"b":{"0":[0]},"inputSourceMap":null,"_coverageSchema":"1a1c01bbd47fc00a2c39e90264f33305004495a9","hash":"a543b8a2501b8ea50fa3db7dd01ef0449f0b9ff3"}
,"/root/frontend-project-46/parser.js": {"path":"/root/frontend-project-46/parser.js","statementMap":{"0":{"start":{"line":5,"column":14},"end":{"line":19,"column":1}},"1":{"start":{"line":6,"column":19},"end":{"line":6,"column":56}},"2":{"start":{"line":7,"column":14},"end":{"line":7,"column":36}},"3":{"start":{"line":8,"column":14},"end":{"line":8,"column":48}},"4":{"start":{"line":10,"column":2},"end":{"line":12,"column":3}},"5":{"start":{"line":11,"column":4},"end":{"line":11,"column":27}},"6":{"start":{"line":14,"column":2},"end":{"line":16,"column":3}},"7":{"start":{"line":15,"column":4},"end":{"line":15,"column":26}},"8":{"start":{"line":18,"column":2},"end":{"line":18,"column":54}},"9":{"start":{"line":21,"column":18},"end":{"line":25,"column":1}},"10":{"start":{"line":22,"column":16},"end":{"line":22,"column":32}},"11":{"start":{"line":23,"column":16},"end":{"line":23,"column":32}},"12":{"start":{"line":24,"column":2},"end":{"line":24,"column":26}}},"fnMap":{"0":{"name":"(anonymous_0)","decl":{"start":{"line":5,"column":14},"end":{"line":5,"column":15}},"loc":{"start":{"line":5,"column":28},"end":{"line":19,"column":1}},"line":5},"1":{"name":"(anonymous_1)","decl":{"start":{"line":21,"column":18},"end":{"line":21,"column":19}},"loc":{"start":{"line":21,"column":44},"end":{"line":25,"column":1}},"line":21}},"branchMap":{"0":{"loc":{"start":{"line":10,"column":2},"end":{"line":12,"column":3}},"type":"if","locations":[{"start":{"line":10,"column":2},"end":{"line":12,"column":3}},{"start":{},"end":{}}],"line":10},"1":{"loc":{"start":{"line":14,"column":2},"end":{"line":16,"column":3}},"type":"if","locations":[{"start":{"line":14,"column":2},"end":{"line":16,"column":3}},{"start":{},"end":{}}],"line":14},"2":{"loc":{"start":{"line":14,"column":6},"end":{"line":14,"column":39}},"type":"binary-expr","locations":[{"start":{"line":14,"column":6},"end":{"line":14,"column":21}},{"start":{"line":14,"column":25},"end":{"line":14,"column":39}}],"line":14}},"s":{"0":3,"1":6,"2":6,"3":6,"4":6,"5":4,"6":2,"7":2,"8":0,"9":3,"10":3,"11":3,"12":3},"f":{"0":6,"1":3},"b":{"0":[4,2],"1":[2,0],"2":[2,2]},"inputSourceMap":null,"_coverageSchema":"1a1c01bbd47fc00a2c39e90264f33305004495a9","hash":"72a5bcca1eccd8925aa6ece5d9a82fb5c0eb864a"}
,"/root/frontend-project-46/formatters/index.js": {"path":"/root/frontend-project-46/formatters/index.js","statementMap":{"0":{"start":{"line":6,"column":2},"end":{"line":15,"column":3}},"1":{"start":{"line":8,"column":6},"end":{"line":8,"column":27}},"2":{"start":{"line":10,"column":6},"end":{"line":10,"column":25}},"3":{"start":{"line":12,"column":6},"end":{"line":12,"column":24}},"4":{"start":{"line":14,"column":6},"end":{"line":14,"column":51}}},"fnMap":{"0":{"name":"(anonymous_0)","decl":{"start":{"line":5,"column":15},"end":{"line":5,"column":16}},"loc":{"start":{"line":5,"column":27},"end":{"line":16,"column":1}},"line":5}},"branchMap":{"0":{"loc":{"start":{"line":6,"column":2},"end":{"line":15,"column":3}},"type":"switch","locations":[{"start":{"line":7,"column":4},"end":{"line":8,"column":27}},{"start":{"line":9,"column":4},"end":{"line":10,"column":25}},{"start":{"line":11,"column":4},"end":{"line":12,"column":24}},{"start":{"line":13,"column":4},"end":{"line":14,"column":51}}],"line":6}},"s":{"0":3,"1":0,"2":1,"3":2,"4":0},"f":{"0":3},"b":{"0":[0,1,2,0]},"inputSourceMap":null,"_coverageSchema":"1a1c01bbd47fc00a2c39e90264f33305004495a9","hash":"af4ec59fa2ce05eab628718ab7d0dc09553039a7"}
,"/root/frontend-project-46/formatters/json.js": {"path":"/root/frontend-project-46/formatters/json.js","statementMap":{"0":{"start":{"line":1,"column":19},"end":{"line":1,"column":58}},"1":{"start":{"line":1,"column":29},"end":{"line":1,"column":58}}},"fnMap":{"0":{"name":"(anonymous_0)","decl":{"start":{"line":1,"column":19},"end":{"line":1,"column":20}},"loc":{"start":{"line":1,"column":29},"end":{"line":1,"column":58}},"line":1}},"branchMap":{},"s":{"0":3,"1":2},"f":{"0":2},"b":{},"inputSourceMap":null,"_coverageSchema":"1a1c01bbd47fc00a2c39e90264f33305004495a9","hash":"e5210908e1d82d4c51892b64452bb1b3350a9656"}
,"/root/frontend-project-46/formatters/plain.js": {"path":"/root/frontend-project-46/formatters/plain.js","statementMap":{"0":{"start":{"line":1,"column":16},"end":{"line":6,"column":1}},"1":{"start":{"line":2,"column":2},"end":{"line":2,"column":34}},"2":{"start":{"line":2,"column":20},"end":{"line":2,"column":34}},"3":{"start":{"line":3,"column":2},"end":{"line":3,"column":56}},"4":{"start":{"line":3,"column":31},"end":{"line":3,"column":56}},"5":{"start":{"line":4,"column":2},"end":{"line":4,"column":49}},"6":{"start":{"line":4,"column":31},"end":{"line":4,"column":49}},"7":{"start":{"line":5,"column":2},"end":{"line":5,"column":21}},"8":{"start":{"line":8,"column":20},"end":{"line":26,"column":13}},"9":{"start":{"line":8,"column":41},"end":{"line":26,"column":13}},"10":{"start":{"line":10,"column":21},"end":{"line":10,"column":60}},"11":{"start":{"line":12,"column":4},"end":{"line":23,"column":5}},"12":{"start":{"line":14,"column":8},"end":{"line":14,"column":85}},"13":{"start":{"line":16,"column":8},"end":{"line":16,"column":52}},"14":{"start":{"line":18,"column":8},"end":{"line":18,"column":113}},"15":{"start":{"line":20,"column":8},"end":{"line":20,"column":52}},"16":{"start":{"line":22,"column":8},"end":{"line":22,"column":18}}},"fnMap":{"0":{"name":"(anonymous_0)","decl":{"start":{"line":1,"column":16},"end":{"line":1,"column":17}},"loc":{"start":{"line":1,"column":25},"end":{"line":6,"column":1}},"line":1},"1":{"name":"(anonymous_1)","decl":{"start":{"line":8,"column":20},"end":{"line":8,"column":21}},"loc":{"start":{"line":8,"column":41},"end":{"line":26,"column":13}},"line":8},"2":{"name":"(anonymous_2)","decl":{"start":{"line":9,"column":11},"end":{"line":9,"column":12}},"loc":{"start":{"line":9,"column":21},"end":{"line":24,"column":3}},"line":9}},"branchMap":{"0":{"loc":{"start":{"line":2,"column":2},"end":{"line":2,"column":34}},"type":"if","locations":[{"start":{"line":2,"column":2},"end":{"line":2,"column":34}},{"start":{},"end":{}}],"line":2},"1":{"loc":{"start":{"line":3,"column":2},"end":{"line":3,"column":56}},"type":"if","locations":[{"start":{"line":3,"column":2},"end":{"line":3,"column":56}},{"start":{},"end":{}}],"line":3},"2":{"loc":{"start":{"line":4,"column":2},"end":{"line":4,"column":49}},"type":"if","locations":[{"start":{"line":4,"column":2},"end":{"line":4,"column":49}},{"start":{},"end":{}}],"line":4},"3":{"loc":{"start":{"line":8,"column":27},"end":{"line":8,"column":36}},"type":"default-arg","locations":[{"start":{"line":8,"column":34},"end":{"line":8,"column":36}}],"line":8},"4":{"loc":{"start":{"line":10,"column":21},"end":{"line":10,"column":60}},"type":"cond-expr","locations":[{"start":{"line":10,"column":28},"end":{"line":10,"column":49}},{"start":{"line":10,"column":52},"end":{"line":10,"column":60}}],"line":10},"5":{"loc":{"start":{"line":12,"column":4},"end":{"line":23,"column":5}},"type":"switch","locations":[{"start":{"line":13,"column":6},"end":{"line":14,"column":85}},{"start":{"line":15,"column":6},"end":{"line":16,"column":52}},{"start":{"line":17,"column":6},"end":{"line":18,"column":113}},{"start":{"line":19,"column":6},"end":{"line":20,"column":52}},{"start":{"line":21,"column":6},"end":{"line":22,"column":18}}],"line":12}},"s":{"0":3,"1":13,"2":1,"3":12,"4":3,"5":9,"6":7,"7":2,"8":3,"9":5,"10":18,"11":18,"12":5,"13":2,"14":4,"15":4,"16":3},"f":{"0":13,"1":5,"2":18},"b":{"0":[1,12],"1":[3,9],"2":[7,2],"3":[1],"4":[14,4],"5":[5,2,4,4,3]},"inputSourceMap":null,"_coverageSchema":"1a1c01bbd47fc00a2c39e90264f33305004495a9","hash":"ccc87080ff91406dfb202bb2018ef85123627055"}
,"/root/frontend-project-46/formatters/stylish.js": {"path":"/root/frontend-project-46/formatters/stylish.js","statementMap":{"0":{"start":{"line":1,"column":19},"end":{"line":1,"column":103}},"1":{"start":{"line":1,"column":63},"end":{"line":1,"column":103}},"2":{"start":{"line":2,"column":26},"end":{"line":2,"column":112}},"3":{"start":{"line":2,"column":70},"end":{"line":2,"column":112}},"4":{"start":{"line":4,"column":18},"end":{"line":15,"column":1}},"5":{"start":{"line":5,"column":2},"end":{"line":7,"column":3}},"6":{"start":{"line":6,"column":4},"end":{"line":6,"column":25}},"7":{"start":{"line":9,"column":18},"end":{"line":9,"column":39}},"8":{"start":{"line":10,"column":16},"end":{"line":12,"column":3}},"9":{"start":{"line":11,"column":20},"end":{"line":11,"column":80}},"10":{"start":{"line":14,"column":2},"end":{"line":14,"column":68}},"11":{"start":{"line":17,"column":16},"end":{"line":43,"column":1}},"12":{"start":{"line":18,"column":16},"end":{"line":40,"column":4}},"13":{"start":{"line":21,"column":8},"end":{"line":21,"column":12}},"14":{"start":{"line":23,"column":4},"end":{"line":39,"column":5}},"15":{"start":{"line":25,"column":8},"end":{"line":25,"column":78}},"16":{"start":{"line":27,"column":8},"end":{"line":27,"column":78}},"17":{"start":{"line":29,"column":8},"end":{"line":29,"column":78}},"18":{"start":{"line":31,"column":8},"end":{"line":34,"column":21}},"19":{"start":{"line":36,"column":8},"end":{"line":36,"column":79}},"20":{"start":{"line":38,"column":8},"end":{"line":38,"column":52}},"21":{"start":{"line":42,"column":2},"end":{"line":42,"column":68}}},"fnMap":{"0":{"name":"(anonymous_0)","decl":{"start":{"line":1,"column":19},"end":{"line":1,"column":20}},"loc":{"start":{"line":1,"column":63},"end":{"line":1,"column":103}},"line":1},"1":{"name":"(anonymous_1)","decl":{"start":{"line":2,"column":26},"end":{"line":2,"column":27}},"loc":{"start":{"line":2,"column":70},"end":{"line":2,"column":112}},"line":2},"2":{"name":"(anonymous_2)","decl":{"start":{"line":4,"column":18},"end":{"line":4,"column":19}},"loc":{"start":{"line":4,"column":36},"end":{"line":15,"column":1}},"line":4},"3":{"name":"(anonymous_3)","decl":{"start":{"line":11,"column":4},"end":{"line":11,"column":5}},"loc":{"start":{"line":11,"column":20},"end":{"line":11,"column":80}},"line":11},"4":{"name":"(anonymous_4)","decl":{"start":{"line":17,"column":16},"end":{"line":17,"column":17}},"loc":{"start":{"line":17,"column":37},"end":{"line":43,"column":1}},"line":17},"5":{"name":"(anonymous_5)","decl":{"start":{"line":18,"column":25},"end":{"line":18,"column":26}},"loc":{"start":{"line":18,"column":35},"end":{"line":40,"column":3}},"line":18}},"branchMap":{"0":{"loc":{"start":{"line":1,"column":27},"end":{"line":1,"column":41}},"type":"default-arg","locations":[{"start":{"line":1,"column":38},"end":{"line":1,"column":41}}],"line":1},"1":{"loc":{"start":{"line":1,"column":43},"end":{"line":1,"column":58}},"type":"default-arg","locations":[{"start":{"line":1,"column":57},"end":{"line":1,"column":58}}],"line":1},"2":{"loc":{"start":{"line":2,"column":34},"end":{"line":2,"column":48}},"type":"default-arg","locations":[{"start":{"line":2,"column":45},"end":{"line":2,"column":48}}],"line":2},"3":{"loc":{"start":{"line":2,"column":50},"end":{"line":2,"column":65}},"type":"default-arg","locations":[{"start":{"line":2,"column":64},"end":{"line":2,"column":65}}],"line":2},"4":{"loc":{"start":{"line":5,"column":2},"end":{"line":7,"column":3}},"type":"if","locations":[{"start":{"line":5,"column":2},"end":{"line":7,"column":3}},{"start":{},"end":{}}],"line":5},"5":{"loc":{"start":{"line":5,"column":6},"end":{"line":5,"column":49}},"type":"binary-expr","locations":[{"start":{"line":5,"column":6},"end":{"line":5,"column":31}},{"start":{"line":5,"column":35},"end":{"line":5,"column":49}}],"line":5},"6":{"loc":{"start":{"line":17,"column":23},"end":{"line":17,"column":32}},"type":"default-arg","locations":[{"start":{"line":17,"column":31},"end":{"line":17,"column":32}}],"line":17},"7":{"loc":{"start":{"line":23,"column":4},"end":{"line":39,"column":5}},"type":"switch","locations":[{"start":{"line":24,"column":6},"end":{"line":25,"column":78}},{"start":{"line":26,"column":6},"end":{"line":27,"column":78}},{"start":{"line":28,"column":6},"end":{"line":29,"column":78}},{"start":{"line":30,"column":6},"end":{"line":34,"column":21}},{"start":{"line":35,"column":6},"end":{"line":36,"column":79}},{"start":{"line":37,"column":6},"end":{"line":38,"column":52}}],"line":23}},"s":{"0":3,"1":0,"2":3,"3":0,"4":3,"5":0,"6":0,"7":0,"8":0,"9":0,"10":0,"11":3,"12":0,"13":0,"14":0,"15":0,"16":0,"17":0,"18":0,"19":0,"20":0,"21":0},"f":{"0":0,"1":0,"2":0,"3":0,"4":0,"5":0},"b":{"0":[0],"1":[0],"2":[0],"3":[0],"4":[0,0],"5":[0,0],"6":[0],"7":[0,0,0,0,0,0]},"inputSourceMap":null,"_coverageSchema":"1a1c01bbd47fc00a2c39e90264f33305004495a9","hash":"2da0beeeaaa4899f8579387be7674f23c5cc8061"}
}
