TN:
SF:buildDiff.js
FN:1,(anonymous_0)
FN:3,(anonymous_1)
FN:8,(anonymous_2)
FN:25,(anonymous_3)
FN:45,(anonymous_4)
FNF:5
FNH:5
FNDA:16,(anonymous_0)
FNDA:5,(anonymous_1)
FNDA:18,(anonymous_2)
FNDA:10,(anonymous_3)
FNDA:13,(anonymous_4)
DA:1,16
DA:3,1
DA:4,5
DA:8,5
DA:9,18
DA:10,18
DA:12,18
DA:13,2
DA:16,16
DA:17,5
DA:20,11
DA:21,4
DA:22,4
DA:25,10
DA:29,7
DA:30,4
DA:38,3
DA:45,13
LF:18
LH:18
BRDA:1,0,0,16
BRDA:1,0,1,9
BRDA:1,0,2,9
BRDA:12,1,0,2
BRDA:12,1,1,16
BRDA:16,2,0,5
BRDA:16,2,1,11
BRDA:20,3,0,4
BRDA:20,3,1,7
BRDA:20,4,0,11
BRDA:20,4,1,5
BRDA:29,5,0,4
BRDA:29,5,1,3
BRF:13
BRH:13
end_of_record
TN:
SF:gendiff.js
FN:5,(anonymous_0)
FNF:1
FNH:1
FNDA:1,(anonymous_0)
DA:5,1
DA:6,1
DA:7,1
DA:9,1
DA:10,1
LF:5
LH:5
BRDA:5,0,0,0
BRF:1
BRH:0
end_of_record
TN:
SF:parser.js
FN:5,(anonymous_0)
FN:21,(anonymous_1)
FNF:2
FNH:2
FNDA:2,(anonymous_0)
FNDA:1,(anonymous_1)
DA:5,1
DA:6,2
DA:7,2
DA:8,2
DA:10,2
DA:11,2
DA:14,0
DA:15,0
DA:18,0
DA:21,1
DA:22,1
DA:23,1
DA:24,1
LF:13
LH:10
BRDA:10,0,0,2
BRDA:10,0,1,0
BRDA:14,1,0,0
BRDA:14,1,1,0
BRDA:14,2,0,0
BRDA:14,2,1,0
BRF:6
BRH:1
end_of_record
TN:
SF:formatters/index.js
FN:5,(anonymous_0)
FNF:1
FNH:1
FNDA:1,(anonymous_0)
DA:6,1
DA:8,0
DA:10,1
DA:12,0
DA:14,0
LF:5
LH:2
BRDA:6,0,0,0
BRDA:6,0,1,1
BRDA:6,0,2,0
BRDA:6,0,3,0
BRF:4
BRH:1
end_of_record
TN:
SF:formatters/json.js
FN:1,(anonymous_0)
FNF:1
FNH:0
FNDA:0,(anonymous_0)
DA:1,1
LF:1
LH:1
BRF:0
BRH:0
end_of_record
TN:
SF:formatters/plain.js
FN:1,(anonymous_0)
FN:8,(anonymous_1)
FN:9,(anonymous_2)
FNF:3
FNH:3
FNDA:13,(anonymous_0)
FNDA:5,(anonymous_1)
FNDA:18,(anonymous_2)
DA:1,1
DA:2,13
DA:3,12
DA:4,9
DA:5,2
DA:8,5
DA:10,18
DA:12,18
DA:14,5
DA:16,2
DA:18,4
DA:20,4
DA:22,3
LF:13
LH:13
BRDA:2,0,0,1
BRDA:2,0,1,12
BRDA:3,1,0,3
BRDA:3,1,1,9
BRDA:4,2,0,7
BRDA:4,2,1,2
BRDA:8,3,0,1
BRDA:10,4,0,14
BRDA:10,4,1,4
BRDA:12,5,0,5
BRDA:12,5,1,2
BRDA:12,5,2,4
BRDA:12,5,3,4
BRDA:12,5,4,3
BRF:14
BRH:14
end_of_record
TN:
SF:formatters/stylish.js
FN:1,(anonymous_0)
FN:2,(anonymous_1)
FN:4,(anonymous_2)
FN:11,(anonymous_3)
FN:17,(anonymous_4)
FN:18,(anonymous_5)
FNF:6
FNH:0
FNDA:0,(anonymous_0)
FNDA:0,(anonymous_1)
FNDA:0,(anonymous_2)
FNDA:0,(anonymous_3)
FNDA:0,(anonymous_4)
FNDA:0,(anonymous_5)
DA:1,1
DA:2,1
DA:4,1
DA:5,0
DA:6,0
DA:9,0
DA:10,0
DA:11,0
DA:14,0
DA:17,1
DA:18,0
DA:21,0
DA:23,0
DA:25,0
DA:27,0
DA:29,0
DA:31,0
DA:36,0
DA:38,0
DA:42,0
LF:20
LH:4
BRDA:1,0,0,0
BRDA:1,1,0,0
BRDA:2,2,0,0
BRDA:2,3,0,0
BRDA:5,4,0,0
BRDA:5,4,1,0
BRDA:5,5,0,0
BRDA:5,5,1,0
BRDA:17,6,0,0
BRDA:23,7,0,0
BRDA:23,7,1,0
BRDA:23,7,2,0
BRDA:23,7,3,0
BRDA:23,7,4,0
BRDA:23,7,5,0
BRF:15
BRH:0
end_of_record
